build/app/intermediates/manifest_merge_blame_file/debug/manifest-merger-blame-debug-report.txt
1<?xml version="1.0" encoding="utf-8"?>
2<manifest xmlns:android="http://schemas.android.com/apk/res/android"
3    package="com.example.state_hotel_project"
4    android:versionCode="1"
5    android:versionName="1.0.0" >
6
7    <uses-sdk
8        android:minSdkVersion="21"
9        android:targetSdkVersion="31" />
10    <!--
11         Flutter needs it to communicate with the running application
12         to allow setting breakpoints, to provide hot reload, etc.
13    -->
14    <uses-permission android:name="android.permission.INTERNET" />
14-->src\main\AndroidManifest.xml:3:5-67
14-->src\main\AndroidManifest.xml:3:22-64
15    <uses-permission android:name="android.permission.ACCESS_NETWORK_STATE" />
15-->[com.google.firebase:firebase-auth:21.0.6] AndroidManifest.xml:24:5-79
15-->[com.google.firebase:firebase-auth:21.0.6] AndroidManifest.xml:24:22-76
16    <uses-permission android:name="android.permission.WAKE_LOCK" />
16-->[com.google.android.gms:play-services-measurement-api:21.1.0] AndroidManifest.xml:24:5-68
16-->[com.google.android.gms:play-services-measurement-api:21.1.0] AndroidManifest.xml:24:22-65
17    <uses-permission android:name="com.google.android.gms.permission.AD_ID" />
17-->[com.google.android.gms:play-services-measurement-api:21.1.0] AndroidManifest.xml:25:5-79
17-->[com.google.android.gms:play-services-measurement-api:21.1.0] AndroidManifest.xml:25:22-76
18    <uses-permission android:name="com.google.android.finsky.permission.BIND_GET_INSTALL_REFERRER_SERVICE" />
18-->[com.google.android.gms:play-services-measurement:21.1.0] AndroidManifest.xml:26:5-110
18-->[com.google.android.gms:play-services-measurement:21.1.0] AndroidManifest.xml:26:22-107
19
20    <queries>
20-->[com.razorpay:checkout:1.6.19] AndroidManifest.xml:11:5-37:15
21        <intent>
21-->[com.razorpay:checkout:1.6.19] AndroidManifest.xml:12:9-18:18
22            <action android:name="android.intent.action.VIEW" />
22-->[com.google.firebase:firebase-auth:21.0.6] AndroidManifest.xml:34:17-69
22-->[com.google.firebase:firebase-auth:21.0.6] AndroidManifest.xml:34:25-66
23
24            <data
24-->[com.google.firebase:firebase-auth:21.0.6] AndroidManifest.xml:39:17-42:51
25                android:mimeType="*/*"
26                android:scheme="*" />
26-->[com.google.firebase:firebase-auth:21.0.6] AndroidManifest.xml:42:21-48
27        </intent>
28        <intent>
28-->[com.razorpay:checkout:1.6.19] AndroidManifest.xml:19:9-28:18
29            <action android:name="android.intent.action.VIEW" />
29-->[com.google.firebase:firebase-auth:21.0.6] AndroidManifest.xml:34:17-69
29-->[com.google.firebase:firebase-auth:21.0.6] AndroidManifest.xml:34:25-66
30
31            <category android:name="android.intent.category.BROWSABLE" />
31-->[com.google.firebase:firebase-auth:21.0.6] AndroidManifest.xml:37:17-78
31-->[com.google.firebase:firebase-auth:21.0.6] AndroidManifest.xml:37:27-75
32
33            <data
33-->[com.google.firebase:firebase-auth:21.0.6] AndroidManifest.xml:39:17-42:51
34                android:host="pay"
34-->[com.google.firebase:firebase-auth:21.0.6] AndroidManifest.xml:40:21-49
35                android:mimeType="*/*"
36                android:scheme="upi" />
36-->[com.google.firebase:firebase-auth:21.0.6] AndroidManifest.xml:42:21-48
37        </intent>
38        <intent>
38-->[com.razorpay:checkout:1.6.19] AndroidManifest.xml:29:9-31:18
39            <action android:name="android.intent.action.MAIN" />
39-->[com.razorpay:checkout:1.6.19] AndroidManifest.xml:30:13-65
39-->[com.razorpay:checkout:1.6.19] AndroidManifest.xml:30:21-62
40        </intent>
41        <intent>
41-->[com.razorpay:checkout:1.6.19] AndroidManifest.xml:32:9-36:18
42            <action android:name="android.intent.action.SEND" />
42-->[com.razorpay:checkout:1.6.19] AndroidManifest.xml:33:13-65
42-->[com.razorpay:checkout:1.6.19] AndroidManifest.xml:33:21-62
43
44            <data android:mimeType="*/*" />
44-->[com.google.firebase:firebase-auth:21.0.6] AndroidManifest.xml:39:17-42:51
45        </intent>
46    </queries>
47
48    <uses-feature
48-->[com.google.android.gms:play-services-maps:17.0.0] AndroidManifest.xml:26:5-28:35
49        android:glEsVersion="0x00020000"
49-->[com.google.android.gms:play-services-maps:17.0.0] AndroidManifest.xml:27:9-41
50        android:required="true" />
50-->[com.google.android.gms:play-services-maps:17.0.0] AndroidManifest.xml:28:9-32
51
52    <application
53        android:name="android.app.Application"
54        android:appComponentFactory="androidx.core.app.CoreComponentFactory"
54-->[androidx.core:core:1.8.0] AndroidManifest.xml:24:18-86
55        android:debuggable="true"
56        android:icon="@mipmap/ic_launcher"
57        android:label="state_hotel_project" >
58        <activity
59            android:name="com.example.state_hotel_project.MainActivity"
60            android:configChanges="orientation|keyboardHidden|keyboard|screenSize|smallestScreenSize|locale|layoutDirection|fontScale|screenLayout|density|uiMode"
61            android:exported="true"
62            android:hardwareAccelerated="true"
63            android:launchMode="singleTop"
64            android:theme="@style/LaunchTheme"
65            android:windowSoftInputMode="adjustResize" >
66
67            <!--
68                 Specifies an Android theme to apply to this Activity as soon as
69                 the Android process has started. This theme is visible to the user
70                 while the Flutter UI initializes. After that, this theme continues
71                 to determine the Window background behind the Flutter UI.
72            -->
73            <meta-data
74                android:name="io.flutter.embedding.android.NormalTheme"
75                android:resource="@style/NormalTheme" />
76
77            <intent-filter>
78                <action android:name="android.intent.action.MAIN" />
78-->[com.razorpay:checkout:1.6.19] AndroidManifest.xml:30:13-65
78-->[com.razorpay:checkout:1.6.19] AndroidManifest.xml:30:21-62
79
80                <category android:name="android.intent.category.LAUNCHER" />
81            </intent-filter>
82        </activity>
83        <!--
84             Don't delete the meta-data below.
85             This is used by the Flutter tool to generate GeneratedPluginRegistrant.java
86        -->
87        <meta-data
88            android:name="flutterEmbedding"
89            android:value="2" />
90
91        <service
91-->[:firebase_auth] AndroidManifest.xml:8:9-12:19
92            android:name="com.google.firebase.components.ComponentDiscoveryService"
92-->[:firebase_auth] AndroidManifest.xml:8:18-89
93            android:directBootAware="true"
93-->[com.google.firebase:firebase-common:20.1.1] AndroidManifest.xml:35:13-43
94            android:exported="false" >
94-->[com.google.firebase:firebase-auth:21.0.6] AndroidManifest.xml:66:13-37
95            <meta-data
95-->[:firebase_auth] AndroidManifest.xml:9:13-11:85
96                android:name="com.google.firebase.components:io.flutter.plugins.firebase.auth.FlutterFirebaseAuthRegistrar"
96-->[:firebase_auth] AndroidManifest.xml:10:17-124
97                android:value="com.google.firebase.components.ComponentRegistrar" />
97-->[:firebase_auth] AndroidManifest.xml:11:17-82
98            <meta-data
98-->[:firebase_storage] AndroidManifest.xml:9:13-11:85
99                android:name="com.google.firebase.components:io.flutter.plugins.firebase.storage.FlutterFirebaseAppRegistrar"
99-->[:firebase_storage] AndroidManifest.xml:10:17-126
100                android:value="com.google.firebase.components.ComponentRegistrar" />
100-->[:firebase_storage] AndroidManifest.xml:11:17-82
101            <meta-data
101-->[:firebase_core] AndroidManifest.xml:9:13-11:85
102                android:name="com.google.firebase.components:io.flutter.plugins.firebase.core.FlutterFirebaseCoreRegistrar"
102-->[:firebase_core] AndroidManifest.xml:10:17-124
103                android:value="com.google.firebase.components.ComponentRegistrar" />
103-->[:firebase_core] AndroidManifest.xml:11:17-82
104            <meta-data
104-->[com.google.firebase:firebase-auth:21.0.6] AndroidManifest.xml:67:13-69:85
105                android:name="com.google.firebase.components:com.google.firebase.auth.FirebaseAuthRegistrar"
105-->[com.google.firebase:firebase-auth:21.0.6] AndroidManifest.xml:68:17-109
106                android:value="com.google.firebase.components.ComponentRegistrar" />
106-->[com.google.firebase:firebase-auth:21.0.6] AndroidManifest.xml:69:17-82
107            <meta-data
107-->[com.google.firebase:firebase-storage:20.0.1] AndroidManifest.xml:33:13-35:85
108                android:name="com.google.firebase.components:com.google.firebase.storage.StorageRegistrar"
108-->[com.google.firebase:firebase-storage:20.0.1] AndroidManifest.xml:34:17-107
109                android:value="com.google.firebase.components.ComponentRegistrar" />
109-->[com.google.firebase:firebase-storage:20.0.1] AndroidManifest.xml:35:17-82
110            <meta-data
110-->[com.google.android.gms:play-services-measurement-api:21.1.0] AndroidManifest.xml:31:13-33:85
111                android:name="com.google.firebase.components:com.google.firebase.analytics.connector.internal.AnalyticsConnectorRegistrar"
111-->[com.google.android.gms:play-services-measurement-api:21.1.0] AndroidManifest.xml:32:17-139
112                android:value="com.google.firebase.components.ComponentRegistrar" />
112-->[com.google.android.gms:play-services-measurement-api:21.1.0] AndroidManifest.xml:33:17-82
113            <meta-data
113-->[com.google.firebase:firebase-installations:17.0.1] AndroidManifest.xml:18:13-20:85
114                android:name="com.google.firebase.components:com.google.firebase.installations.FirebaseInstallationsRegistrar"
114-->[com.google.firebase:firebase-installations:17.0.1] AndroidManifest.xml:19:17-127
115                android:value="com.google.firebase.components.ComponentRegistrar" />
115-->[com.google.firebase:firebase-installations:17.0.1] AndroidManifest.xml:20:17-82
116        </service>
117
118        <provider
118-->[:image_picker_android] AndroidManifest.xml:8:9-16:20
119            android:name="io.flutter.plugins.imagepicker.ImagePickerFileProvider"
119-->[:image_picker_android] AndroidManifest.xml:9:13-82
120            android:authorities="com.example.state_hotel_project.flutter.image_provider"
120-->[:image_picker_android] AndroidManifest.xml:10:13-74
121            android:exported="false"
121-->[:image_picker_android] AndroidManifest.xml:11:13-37
122            android:grantUriPermissions="true" >
122-->[:image_picker_android] AndroidManifest.xml:12:13-47
123            <meta-data
123-->[:image_picker_android] AndroidManifest.xml:13:13-15:75
124                android:name="android.support.FILE_PROVIDER_PATHS"
124-->[:image_picker_android] AndroidManifest.xml:14:17-67
125                android:resource="@xml/flutter_image_picker_file_paths" />
125-->[:image_picker_android] AndroidManifest.xml:15:17-72
126        </provider>
127
128        <uses-library
128-->[androidx.window:window:1.0.0-beta04] AndroidManifest.xml:25:9-27:40
129            android:name="androidx.window.extensions"
129-->[androidx.window:window:1.0.0-beta04] AndroidManifest.xml:26:13-54
130            android:required="false" />
130-->[androidx.window:window:1.0.0-beta04] AndroidManifest.xml:27:13-37
131        <uses-library
131-->[androidx.window:window:1.0.0-beta04] AndroidManifest.xml:28:9-30:40
132            android:name="androidx.window.sidecar"
132-->[androidx.window:window:1.0.0-beta04] AndroidManifest.xml:29:13-51
133            android:required="false" />
133-->[androidx.window:window:1.0.0-beta04] AndroidManifest.xml:30:13-37
134
135        <activity
135-->[com.google.firebase:firebase-auth:21.0.6] AndroidManifest.xml:27:9-44:20
136            android:name="com.google.firebase.auth.internal.GenericIdpActivity"
136-->[com.google.firebase:firebase-auth:21.0.6] AndroidManifest.xml:28:13-80
137            android:excludeFromRecents="true"
137-->[com.google.firebase:firebase-auth:21.0.6] AndroidManifest.xml:29:13-46
138            android:exported="true"
138-->[com.google.firebase:firebase-auth:21.0.6] AndroidManifest.xml:30:13-36
139            android:launchMode="singleTask"
139-->[com.google.firebase:firebase-auth:21.0.6] AndroidManifest.xml:31:13-44
140            android:theme="@android:style/Theme.Translucent.NoTitleBar" >
140-->[com.google.firebase:firebase-auth:21.0.6] AndroidManifest.xml:32:13-72
141            <intent-filter>
141-->[com.google.firebase:firebase-auth:21.0.6] AndroidManifest.xml:33:13-43:29
142                <action android:name="android.intent.action.VIEW" />
142-->[com.google.firebase:firebase-auth:21.0.6] AndroidManifest.xml:34:17-69
142-->[com.google.firebase:firebase-auth:21.0.6] AndroidManifest.xml:34:25-66
143
144                <category android:name="android.intent.category.DEFAULT" />
144-->[com.google.firebase:firebase-auth:21.0.6] AndroidManifest.xml:36:17-76
144-->[com.google.firebase:firebase-auth:21.0.6] AndroidManifest.xml:36:27-73
145                <category android:name="android.intent.category.BROWSABLE" />
145-->[com.google.firebase:firebase-auth:21.0.6] AndroidManifest.xml:37:17-78
145-->[com.google.firebase:firebase-auth:21.0.6] AndroidManifest.xml:37:27-75
146
147                <data
147-->[com.google.firebase:firebase-auth:21.0.6] AndroidManifest.xml:39:17-42:51
148                    android:host="firebase.auth"
148-->[com.google.firebase:firebase-auth:21.0.6] AndroidManifest.xml:40:21-49
149                    android:path="/"
149-->[com.google.firebase:firebase-auth:21.0.6] AndroidManifest.xml:41:21-37
150                    android:scheme="genericidp" />
150-->[com.google.firebase:firebase-auth:21.0.6] AndroidManifest.xml:42:21-48
151            </intent-filter>
152        </activity>
153        <activity
153-->[com.google.firebase:firebase-auth:21.0.6] AndroidManifest.xml:45:9-62:20
154            android:name="com.google.firebase.auth.internal.RecaptchaActivity"
154-->[com.google.firebase:firebase-auth:21.0.6] AndroidManifest.xml:46:13-79
155            android:excludeFromRecents="true"
155-->[com.google.firebase:firebase-auth:21.0.6] AndroidManifest.xml:47:13-46
156            android:exported="true"
156-->[com.google.firebase:firebase-auth:21.0.6] AndroidManifest.xml:48:13-36
157            android:launchMode="singleTask"
157-->[com.google.firebase:firebase-auth:21.0.6] AndroidManifest.xml:49:13-44
158            android:theme="@android:style/Theme.Translucent.NoTitleBar" >
158-->[com.google.firebase:firebase-auth:21.0.6] AndroidManifest.xml:50:13-72
159            <intent-filter>
159-->[com.google.firebase:firebase-auth:21.0.6] AndroidManifest.xml:51:13-61:29
160                <action android:name="android.intent.action.VIEW" />
160-->[com.google.firebase:firebase-auth:21.0.6] AndroidManifest.xml:34:17-69
160-->[com.google.firebase:firebase-auth:21.0.6] AndroidManifest.xml:34:25-66
161
162                <category android:name="android.intent.category.DEFAULT" />
162-->[com.google.firebase:firebase-auth:21.0.6] AndroidManifest.xml:36:17-76
162-->[com.google.firebase:firebase-auth:21.0.6] AndroidManifest.xml:36:27-73
163                <category android:name="android.intent.category.BROWSABLE" />
163-->[com.google.firebase:firebase-auth:21.0.6] AndroidManifest.xml:37:17-78
163-->[com.google.firebase:firebase-auth:21.0.6] AndroidManifest.xml:37:27-75
164
165                <data
165-->[com.google.firebase:firebase-auth:21.0.6] AndroidManifest.xml:39:17-42:51
166                    android:host="firebase.auth"
166-->[com.google.firebase:firebase-auth:21.0.6] AndroidManifest.xml:40:21-49
167                    android:path="/"
167-->[com.google.firebase:firebase-auth:21.0.6] AndroidManifest.xml:41:21-37
168                    android:scheme="recaptcha" />
168-->[com.google.firebase:firebase-auth:21.0.6] AndroidManifest.xml:42:21-48
169            </intent-filter>
170        </activity>
171
172        <provider
172-->[com.google.firebase:firebase-common:20.1.1] AndroidManifest.xml:26:9-31:39
173            android:name="com.google.firebase.provider.FirebaseInitProvider"
173-->[com.google.firebase:firebase-common:20.1.1] AndroidManifest.xml:27:13-77
174            android:authorities="com.example.state_hotel_project.firebaseinitprovider"
174-->[com.google.firebase:firebase-common:20.1.1] AndroidManifest.xml:28:13-72
175            android:directBootAware="true"
175-->[com.google.firebase:firebase-common:20.1.1] AndroidManifest.xml:29:13-43
176            android:exported="false"
176-->[com.google.firebase:firebase-common:20.1.1] AndroidManifest.xml:30:13-37
177            android:initOrder="100" />
177-->[com.google.firebase:firebase-common:20.1.1] AndroidManifest.xml:31:13-36
178
179        <receiver
179-->[com.google.android.gms:play-services-measurement:21.1.0] AndroidManifest.xml:29:9-33:20
180            android:name="com.google.android.gms.measurement.AppMeasurementReceiver"
180-->[com.google.android.gms:play-services-measurement:21.1.0] AndroidManifest.xml:30:13-85
181            android:enabled="true"
181-->[com.google.android.gms:play-services-measurement:21.1.0] AndroidManifest.xml:31:13-35
182            android:exported="false" >
182-->[com.google.android.gms:play-services-measurement:21.1.0] AndroidManifest.xml:32:13-37
183        </receiver>
184
185        <service
185-->[com.google.android.gms:play-services-measurement:21.1.0] AndroidManifest.xml:35:9-38:40
186            android:name="com.google.android.gms.measurement.AppMeasurementService"
186-->[com.google.android.gms:play-services-measurement:21.1.0] AndroidManifest.xml:36:13-84
187            android:enabled="true"
187-->[com.google.android.gms:play-services-measurement:21.1.0] AndroidManifest.xml:37:13-35
188            android:exported="false" />
188-->[com.google.android.gms:play-services-measurement:21.1.0] AndroidManifest.xml:38:13-37
189        <service
189-->[com.google.android.gms:play-services-measurement:21.1.0] AndroidManifest.xml:39:9-43:72
190            android:name="com.google.android.gms.measurement.AppMeasurementJobService"
190-->[com.google.android.gms:play-services-measurement:21.1.0] AndroidManifest.xml:40:13-87
191            android:enabled="true"
191-->[com.google.android.gms:play-services-measurement:21.1.0] AndroidManifest.xml:41:13-35
192            android:exported="false"
192-->[com.google.android.gms:play-services-measurement:21.1.0] AndroidManifest.xml:42:13-37
193            android:permission="android.permission.BIND_JOB_SERVICE" />
193-->[com.google.android.gms:play-services-measurement:21.1.0] AndroidManifest.xml:43:13-69
194
195        <receiver
195-->[com.razorpay:checkout:1.6.19] AndroidManifest.xml:40:9-46:20
196            android:name="com.razorpay.RzpTokenReceiver"
196-->[com.razorpay:checkout:1.6.19] AndroidManifest.xml:41:13-57
197            android:exported="false" >
197-->[com.razorpay:checkout:1.6.19] AndroidManifest.xml:42:13-37
198            <intent-filter>
198-->[com.razorpay:checkout:1.6.19] AndroidManifest.xml:43:13-45:29
199                <action android:name="rzp.device_token.share" />
199-->[com.razorpay:checkout:1.6.19] AndroidManifest.xml:44:17-65
199-->[com.razorpay:checkout:1.6.19] AndroidManifest.xml:44:25-62
200            </intent-filter>
201        </receiver>
202
203        <activity
203-->[com.razorpay:checkout:1.6.19] AndroidManifest.xml:48:9-60:20
204            android:name="com.razorpay.CheckoutActivity"
204-->[com.razorpay:checkout:1.6.19] AndroidManifest.xml:49:13-57
205            android:configChanges="keyboard|keyboardHidden|orientation|screenSize"
205-->[com.razorpay:checkout:1.6.19] AndroidManifest.xml:50:13-83
206            android:exported="true"
206-->[com.razorpay:checkout:1.6.19] AndroidManifest.xml:51:13-36
207            android:theme="@style/CheckoutTheme" >
207-->[com.razorpay:checkout:1.6.19] AndroidManifest.xml:52:13-49
208            <intent-filter>
208-->[com.razorpay:checkout:1.6.19] AndroidManifest.xml:53:13-59:29
209                <action android:name="android.intent.action.MAIN" />
209-->[com.razorpay:checkout:1.6.19] AndroidManifest.xml:30:13-65
209-->[com.razorpay:checkout:1.6.19] AndroidManifest.xml:30:21-62
210
211                <data
211-->[com.google.firebase:firebase-auth:21.0.6] AndroidManifest.xml:39:17-42:51
212                    android:host="rzp.io"
212-->[com.google.firebase:firebase-auth:21.0.6] AndroidManifest.xml:40:21-49
213                    android:scheme="io.rzp" />
213-->[com.google.firebase:firebase-auth:21.0.6] AndroidManifest.xml:42:21-48
214            </intent-filter>
215        </activity>
216
217        <meta-data
217-->[com.razorpay:checkout:1.6.19] AndroidManifest.xml:62:9-64:58
218            android:name="com.razorpay.plugin.googlepay_all"
218-->[com.razorpay:checkout:1.6.19] AndroidManifest.xml:63:13-61
219            android:value="com.razorpay.RzpGpayMerged" />
219-->[com.razorpay:checkout:1.6.19] AndroidManifest.xml:64:13-55
220
221        <activity
221-->[com.google.android.gms:play-services-auth:17.0.0] AndroidManifest.xml:23:9-27:75
222            android:name="com.google.android.gms.auth.api.signin.internal.SignInHubActivity"
222-->[com.google.android.gms:play-services-auth:17.0.0] AndroidManifest.xml:24:13-93
223            android:excludeFromRecents="true"
223-->[com.google.android.gms:play-services-auth:17.0.0] AndroidManifest.xml:25:13-46
224            android:exported="false"
224-->[com.google.android.gms:play-services-auth:17.0.0] AndroidManifest.xml:26:13-37
225            android:theme="@android:style/Theme.Translucent.NoTitleBar" />
225-->[com.google.android.gms:play-services-auth:17.0.0] AndroidManifest.xml:27:13-72
226        <!--
227            Service handling Google Sign-In user revocation. For apps that do not integrate with
228            Google Sign-In, this service will never be started.
229        -->
230        <service
230-->[com.google.android.gms:play-services-auth:17.0.0] AndroidManifest.xml:33:9-36:110
231            android:name="com.google.android.gms.auth.api.signin.RevocationBoundService"
231-->[com.google.android.gms:play-services-auth:17.0.0] AndroidManifest.xml:34:13-89
232            android:exported="true"
232-->[com.google.android.gms:play-services-auth:17.0.0] AndroidManifest.xml:35:13-36
233            android:permission="com.google.android.gms.auth.api.signin.permission.REVOCATION_NOTIFICATION" /> <!-- Needs to be explicitly declared on P+ -->
233-->[com.google.android.gms:play-services-auth:17.0.0] AndroidManifest.xml:36:13-107
234        <uses-library
234-->[com.google.android.gms:play-services-maps:17.0.0] AndroidManifest.xml:33:9-35:40
235            android:name="org.apache.http.legacy"
235-->[com.google.android.gms:play-services-maps:17.0.0] AndroidManifest.xml:34:13-50
236            android:required="false" />
236-->[com.google.android.gms:play-services-maps:17.0.0] AndroidManifest.xml:35:13-37
237
238        <activity
238-->[com.google.android.gms:play-services-base:18.0.1] AndroidManifest.xml:20:9-22:45
239            android:name="com.google.android.gms.common.api.GoogleApiActivity"
239-->[com.google.android.gms:play-services-base:18.0.1] AndroidManifest.xml:20:19-85
240            android:exported="false"
240-->[com.google.android.gms:play-services-base:18.0.1] AndroidManifest.xml:22:19-43
241            android:theme="@android:style/Theme.Translucent.NoTitleBar" />
241-->[com.google.android.gms:play-services-base:18.0.1] AndroidManifest.xml:21:19-78
242
243        <meta-data
243-->[com.google.android.gms:play-services-basement:18.0.0] AndroidManifest.xml:21:9-23:69
244            android:name="com.google.android.gms.version"
244-->[com.google.android.gms:play-services-basement:18.0.0] AndroidManifest.xml:22:13-58
245            android:value="@integer/google_play_services_version" />
245-->[com.google.android.gms:play-services-basement:18.0.0] AndroidManifest.xml:23:13-66
246    </application>
247
248</manifest>